<?xml version="1.0" encoding="UTF-8"?>
<!-- Generated by org.testng.reporters.JUnitReportReporter -->
<testsuite hostname="AsusTufF17" failures="0" tests="1" name="AssertionsMethods.ByUsingAssertion1" time="9.607" errors="0" timestamp="2025-11-21T16:45:22 IST" skipped="0">
  <testcase classname="AssertionsMethods.ByUsingAssertion1" name="main" time="9.607">
    <system-out>
      <![CDATA[I am in login page
Login is successful]]>
    </system-out>
  </testcase> <!-- main -->
  <system-out>
    <![CDATA[I am in login page
Login is successful]]>
  </system-out>
</testsuite> <!-- AssertionsMethods.ByUsingAssertion1 -->
