<?xml version="1.0" encoding="UTF-8"?>
<!-- Generated by org.testng.reporters.JUnitReportReporter -->
<testsuite hostname="AsusTufF17" failures="0" tests="1" name="AssertionsMethods.HardAssertNotNull" time="1.883" errors="0" timestamp="2025-11-24T15:48:20 IST" skipped="0">
  <testcase classname="AssertionsMethods.HardAssertNotNull" name="main" time="1.883">
    <system-out>
      <![CDATA[driver contains data]]>
    </system-out>
  </testcase> <!-- main -->
  <system-out>
    <![CDATA[driver contains data]]>
  </system-out>
</testsuite> <!-- AssertionsMethods.HardAssertNotNull -->
