<?xml version="1.0" encoding="UTF-8"?>
<!-- Generated by org.testng.reporters.JUnitReportReporter -->
<testsuite hostname="AsusTufF17" failures="0" tests="2" name="Executions2.Leave" time="11.194" errors="0" timestamp="2025-12-03T17:30:16 IST" skipped="0">
  <testcase classname="Executions2.Leave" name="tc_008" time="4.534">
    <system-out>
      <![CDATA[I am Leave TC_008]]>
    </system-out>
  </testcase> <!-- tc_008 -->
  <testcase classname="Executions2.Leave" name="tc_007" time="6.660">
    <system-out>
      <![CDATA[I am Leave TC_007]]>
    </system-out>
  </testcase> <!-- tc_007 -->
  <system-out>
    <![CDATA[I am Leave TC_007
I am Admin TC_005
I am HomePage TC_003
I am Login TC_001
I am Leave TC_008
I am HomePage TC_004
I am Login TC_002
I am Admin TC_006]]>
  </system-out>
</testsuite> <!-- Executions2.Leave -->
