<?xml version="1.0" encoding="UTF-8"?>
<!-- Generated by org.testng.reporters.JUnitReportReporter -->
<testsuite hostname="AsusTufF17" failures="0" tests="2" name="Executions2.Admin" time="17.752" errors="0" timestamp="2025-12-03T17:30:16 IST" skipped="0">
  <testcase classname="Executions2.Admin" name="tc_006" time="4.009">
    <system-out>
      <![CDATA[I am Admin TC_006]]>
    </system-out>
  </testcase> <!-- tc_006 -->
  <testcase classname="Executions2.Admin" name="tc_005" time="13.743">
    <system-out>
      <![CDATA[I am Admin TC_005]]>
    </system-out>
  </testcase> <!-- tc_005 -->
  <system-out>
    <![CDATA[I am Leave TC_007
I am Admin TC_005
I am HomePage TC_003
I am Login TC_001
I am Leave TC_008
I am HomePage TC_004
I am Login TC_002
I am Admin TC_006]]>
  </system-out>
</testsuite> <!-- Executions2.Admin -->
