<?xml version="1.0" encoding="UTF-8"?>
<!-- Generated by org.testng.reporters.JUnitReportReporter -->
<testsuite hostname="AsusTufF17" failures="0" tests="3" name="HelperMethods.Enable" time="63.912" errors="0" timestamp="2025-12-04T16:52:24 IST" skipped="0">
  <testcase classname="HelperMethods.Enable" name="Mi" time="9.094"/>
  <testcase classname="HelperMethods.Enable" name="csk" time="39.877"/>
  <testcase classname="HelperMethods.Enable" name="rcb" time="14.941"/>
</testsuite> <!-- HelperMethods.Enable -->
