<?xml version="1.0" encoding="UTF-8"?>
<!-- Generated by org.testng.reporters.JUnitReportReporter -->
<testsuite hostname="AsusTufF17" failures="0" tests="2" name="Executions1.Login" time="12.789" errors="0" timestamp="2025-12-03T17:30:16 IST" skipped="0">
  <testcase classname="Executions1.Login" name="tc_002" time="5.001">
    <system-out>
      <![CDATA[I am Login TC_002]]>
    </system-out>
  </testcase> <!-- tc_002 -->
  <testcase classname="Executions1.Login" name="tc_001" time="7.788">
    <system-out>
      <![CDATA[I am Login TC_001]]>
    </system-out>
  </testcase> <!-- tc_001 -->
  <system-out>
    <![CDATA[I am Leave TC_007
I am Admin TC_005
I am HomePage TC_003
I am Login TC_001
I am Leave TC_008
I am HomePage TC_004
I am Login TC_002
I am Admin TC_006]]>
  </system-out>
</testsuite> <!-- Executions1.Login -->
