<?xml version="1.0" encoding="UTF-8"?>
<!-- Generated by org.testng.reporters.JUnitReportReporter -->
<testsuite hostname="AsusTufF17" failures="0" tests="3" name="TestCases.OrangeHRM" time="12.732" errors="0" timestamp="2025-11-21T15:33:06 IST" skipped="0">
  <testcase classname="TestCases.OrangeHRM" name="testcase_002" time="3.777"/>
  <testcase classname="TestCases.OrangeHRM" name="testcase_003" time="4.333"/>
  <testcase classname="TestCases.OrangeHRM" name="testcase_001" time="4.622"/>
</testsuite> <!-- TestCases.OrangeHRM -->
