<?xml version="1.0" encoding="UTF-8"?>
<!-- Generated by org.testng.reporters.JUnitReportReporter -->
<testsuite hostname="AsusTufF17" failures="0" tests="1" name="AssertionsMethods.SoftAssertEquals" time="0.048" errors="0" timestamp="2025-11-24T16:17:12 IST" skipped="0">
  <testcase classname="AssertionsMethods.SoftAssertEquals" name="main" time="0.048">
    <system-out>
      <![CDATA[going to the next step]]>
    </system-out>
  </testcase> <!-- main -->
  <system-out>
    <![CDATA[going to the next step]]>
  </system-out>
</testsuite> <!-- AssertionsMethods.SoftAssertEquals -->
