<?xml version="1.0" encoding="UTF-8"?>
<!-- Generated by org.testng.reporters.JUnitReportReporter -->
<testsuite hostname="AsusTufF17" failures="0" tests="2" name="Executions1.HomePage" time="12.373" errors="0" timestamp="2025-12-03T17:30:16 IST" skipped="0">
  <testcase classname="Executions1.HomePage" name="tc_004" time="5.517">
    <system-out>
      <![CDATA[I am HomePage TC_004]]>
    </system-out>
  </testcase> <!-- tc_004 -->
  <testcase classname="Executions1.HomePage" name="tc_003" time="6.856">
    <system-out>
      <![CDATA[I am HomePage TC_003]]>
    </system-out>
  </testcase> <!-- tc_003 -->
  <system-out>
    <![CDATA[I am Leave TC_007
I am Admin TC_005
I am HomePage TC_003
I am Login TC_001
I am Leave TC_008
I am HomePage TC_004
I am Login TC_002
I am Admin TC_006]]>
  </system-out>
</testsuite> <!-- Executions1.HomePage -->
