<?xml version="1.0" encoding="UTF-8"?>
<!-- Generated by org.testng.reporters.JUnitReportReporter -->
<testsuite hostname="AsusTufF17" failures="0" tests="2" name="HelperMethods.ConfigurationAnnotation" time="0.013" errors="0" timestamp="2025-11-20T16:46:24 IST" skipped="0">
  <testcase classname="HelperMethods.ConfigurationAnnotation" name="main2" time="0.003"/>
  <testcase classname="HelperMethods.ConfigurationAnnotation" name="main1" time="0.010"/>
</testsuite> <!-- HelperMethods.ConfigurationAnnotation -->
