<?xml version="1.0" encoding="UTF-8"?>
<!-- Generated by org.testng.reporters.JUnitReportReporter -->
<testsuite hostname="AsusTufF17" failures="0" tests="3" name="LandingPage.Login" time="22.802" errors="0" timestamp="2025-11-20T13:53:02 IST" skipped="0">
  <testcase classname="LandingPage.Login" name="tc_001" time="9.224"/>
  <testcase classname="LandingPage.Login" name="tc_002" time="5.413"/>
  <testcase classname="LandingPage.Login" name="tc_003" time="8.165"/>
</testsuite> <!-- LandingPage.Login -->
