<?xml version="1.0" encoding="UTF-8"?>
<!-- Generated by org.testng.reporters.JUnitReportReporter -->
<testsuite hostname="AsusTufF17" failures="0" tests="5" name="Basic.InvocationCount" time="95.630" errors="0" timestamp="2025-11-19T16:28:25 IST" skipped="0">
  <testcase classname="Basic.InvocationCount" name="rcb" time="7.396"/>
  <testcase classname="Basic.InvocationCount" name="rcb" time="5.082"/>
  <testcase classname="Basic.InvocationCount" name="rcb" time="44.606"/>
  <testcase classname="Basic.InvocationCount" name="Mi" time="6.214"/>
  <testcase classname="Basic.InvocationCount" name="csk" time="32.332"/>
</testsuite> <!-- Basic.InvocationCount -->
