<?xml version="1.0" encoding="UTF-8"?>
<!-- Generated by org.testng.reporters.JUnitReportReporter -->
<testsuite hostname="AsusTufF17" failures="0" tests="5" name="Annotaion.DataProviderAnnotaion" time="52.380" errors="0" timestamp="2025-12-05T17:04:27 IST" skipped="0">
  <testcase classname="Annotaion.DataProviderAnnotaion" name="reciver" time="10.395"/>
  <testcase classname="Annotaion.DataProviderAnnotaion" name="reciver" time="10.616"/>
  <testcase classname="Annotaion.DataProviderAnnotaion" name="reciver" time="10.400"/>
  <testcase classname="Annotaion.DataProviderAnnotaion" name="reciver" time="10.428"/>
  <testcase classname="Annotaion.DataProviderAnnotaion" name="reciver" time="10.541"/>
</testsuite> <!-- Annotaion.DataProviderAnnotaion -->
