<?xml version="1.0" encoding="UTF-8"?>
<!-- Generated by org.testng.reporters.JUnitReportReporter -->
<testsuite hostname="AsusTufF17" failures="0" tests="1" name="AssertionsMethods.HardAssertNull" time="0.015" errors="0" timestamp="2025-11-24T15:44:26 IST" skipped="0">
  <testcase classname="AssertionsMethods.HardAssertNull" name="main" time="0.015">
    <system-out>
      <![CDATA[driver contains null]]>
    </system-out>
  </testcase> <!-- main -->
  <system-out>
    <![CDATA[driver contains null]]>
  </system-out>
</testsuite> <!-- AssertionsMethods.HardAssertNull -->
