<?xml version="1.0" encoding="UTF-8"?>
<!-- Generated by org.testng.reporters.JUnitReportReporter -->
<testsuite hostname="AsusTufF17" failures="0" tests="6" name="HelperMethods.ThreadPoolSize" time="45.406" errors="0" timestamp="2025-11-19T18:20:45 IST" skipped="0">
  <testcase classname="HelperMethods.ThreadPoolSize" name="rcb" time="13.219"/>
  <testcase classname="HelperMethods.ThreadPoolSize" name="rcb" time="14.099"/>
  <testcase classname="HelperMethods.ThreadPoolSize" name="rcb" time="7.070"/>
  <testcase classname="HelperMethods.ThreadPoolSize" name="Mi" time="2.893"/>
  <testcase classname="HelperMethods.ThreadPoolSize" name="csk" time="3.518"/>
  <testcase classname="HelperMethods.ThreadPoolSize" name="csk" time="4.607"/>
</testsuite> <!-- HelperMethods.ThreadPoolSize -->
