<?xml version="1.0" encoding="UTF-8"?>
<testng-results ignored="0" total="5" passed="5" failed="0" skipped="0">
  <reporter-output>
  </reporter-output>
  <suite started-at="2025-12-05T17:03:34 IST" name="Default suite" finished-at="2025-12-05T17:04:27 IST" duration-ms="53236">
    <groups>
    </groups>
    <test started-at="2025-12-05T17:03:34 IST" name="Default test" finished-at="2025-12-05T17:04:27 IST" duration-ms="53236">
      <class name="Annotaion.DataProviderAnnotaion">
        <test-method signature="reciver(java.lang.String)[pri:0, instance:Annotaion.DataProviderAnnotaion@183ec003]" started-at="2025-12-05T17:03:35 IST" name="reciver" data-provider="user" finished-at="2025-12-05T17:03:45 IST" duration-ms="10616" status="PASS">
          <params>
            <param index="0">
              <value>
                <![CDATA[Admin]]>
              </value>
            </param>
          </params>
          <reporter-output>
          </reporter-output>
        </test-method> <!-- reciver -->
        <test-method signature="reciver(java.lang.String)[pri:0, instance:Annotaion.DataProviderAnnotaion@183ec003]" started-at="2025-12-05T17:03:45 IST" name="reciver" data-provider="user" finished-at="2025-12-05T17:03:56 IST" duration-ms="10395" status="PASS">
          <params>
            <param index="0">
              <value>
                <![CDATA[Mani]]>
              </value>
            </param>
          </params>
          <reporter-output>
          </reporter-output>
        </test-method> <!-- reciver -->
        <test-method signature="reciver(java.lang.String)[pri:0, instance:Annotaion.DataProviderAnnotaion@183ec003]" started-at="2025-12-05T17:03:56 IST" name="reciver" data-provider="user" finished-at="2025-12-05T17:04:06 IST" duration-ms="10541" status="PASS">
          <params>
            <param index="0">
              <value>
                <![CDATA[Priya]]>
              </value>
            </param>
          </params>
          <reporter-output>
          </reporter-output>
        </test-method> <!-- reciver -->
        <test-method signature="reciver(java.lang.String)[pri:0, instance:Annotaion.DataProviderAnnotaion@183ec003]" started-at="2025-12-05T17:04:06 IST" name="reciver" data-provider="user" finished-at="2025-12-05T17:04:17 IST" duration-ms="10400" status="PASS">
          <params>
            <param index="0">
              <value>
                <![CDATA[Chaitanya]]>
              </value>
            </param>
          </params>
          <reporter-output>
          </reporter-output>
        </test-method> <!-- reciver -->
        <test-method signature="reciver(java.lang.String)[pri:0, instance:Annotaion.DataProviderAnnotaion@183ec003]" started-at="2025-12-05T17:04:17 IST" name="reciver" data-provider="user" finished-at="2025-12-05T17:04:27 IST" duration-ms="10428" status="PASS">
          <params>
            <param index="0">
              <value>
                <![CDATA[Vaishnavi]]>
              </value>
            </param>
          </params>
          <reporter-output>
          </reporter-output>
        </test-method> <!-- reciver -->
      </class> <!-- Annotaion.DataProviderAnnotaion -->
    </test> <!-- Default test -->
  </suite> <!-- Default suite -->
</testng-results>
