<?xml version="1.0" encoding="UTF-8"?>
<!-- Generated by org.testng.reporters.JUnitXMLReporter -->
<testsuite ignored="0" hostname="AsusTufF17" failures="0" tests="5" name="Default test" time="53.236" errors="0" timestamp="2025-12-05T17:04:27 IST">
  <testcase classname="Annotaion.DataProviderAnnotaion" name="reciver" time="10.616"/>
  <testcase classname="Annotaion.DataProviderAnnotaion" name="reciver" time="10.395"/>
  <testcase classname="Annotaion.DataProviderAnnotaion" name="reciver" time="10.541"/>
  <testcase classname="Annotaion.DataProviderAnnotaion" name="reciver" time="10.4"/>
  <testcase classname="Annotaion.DataProviderAnnotaion" name="reciver" time="10.428"/>
</testsuite> <!-- Default test -->
