<?xml version="1.0" encoding="UTF-8"?>
<!-- Generated by org.testng.reporters.JUnitReportReporter -->
<testsuite hostname="Harshal-Patil" failures="0" tests="3" name="HRMTests.TestScripts" time="39.520" errors="0" timestamp="2025-12-13T17:13:46 IST" skipped="0">
  <testcase classname="HRMTests.TestScripts" name="tc_001" time="7.870"/>
  <testcase classname="HRMTests.TestScripts" name="tc_003" time="13.968"/>
  <testcase classname="HRMTests.TestScripts" name="tc_002" time="17.682"/>
</testsuite> <!-- HRMTests.TestScripts -->
